     1                                  bits 32
     2                                  
     3                                  global start
     4                                  
     5                                  extern exit
     6                                  
     7                                  import exit msvcrt.dll
     8                                  
     9                                  segment data use=32 class=data
    10                                  
    11 00000000 7F                          a db 7fh
    12 00000001 BC7A                        b dw 7abch
    13                                      c dd aaaaaaah
    13          ******************       error: symbol `aaaaaaah' undefined
    14 00000003 7777777777777777            d dq 7777777777777777h
    15                                  
    16                                  segment code use=32 class=code
    17                                  
    18                                      ;(d - a) - (a - c) - d
    19                                      ;d - a
    20 00000000 A1[03000000]                mov eax, [d]
    21 00000005 8B15[07000000]              mov edx, [d + 4]
    22 0000000B B900000000                  mov ecx, 0
    23 00000010 8A0D[00000000]              mov cl, [a]
    24                                      
    25 00000016 F8                          clc
    26 00000017 29C8                        sub eax, ecx
    27 00000019 83DB00                      sbb ebx, 0
    28                                      
    29                                      ;a - c
    30 0000001C BB00000000                  mov ebx, 0
    31 00000021 B900000000                  mov ecx, 0
    32 00000026 F8                          clc
    33 00000027 8A1D[00000000]              mov bl, [a]
    34 0000002D A1[03000000]                mov eax, [c]
    35 00000032 29C3                        sub ebx, eax
    36 00000034 B900000000                  mov ecx, 0
    37 00000039 83D900                      sbb ecx, 0
    38                                      
    39                                      ;(d-a)-(a-c)   
    40 0000003C 29D8                        sub eax, ebx
    41 0000003E 19CA                        sbb edx, ecx
    42                                      
    43                                      ;totul - d
    44 00000040 8B1D[03000000]              mov ebx, [d]
    45 00000046 8B0D[07000000]              mov ecx, [d + 4]
    46                                      
    47 0000004C 29D8                        sub eax, ebx
    48 0000004E 19CA                        sbb edx, ecx
    49                                      
    50                                      
