     1                                  bits 32
     2                                  global start
     3                                  
     4                                  extern exit, fread, printf, fopen, fclose
     5                                  
     6                                  import exit msvcrt.dll
     7                                  import fread msvcrt.dll
     8                                  import printf msvcrt.dll
     9                                  import fopen msvcrt.dll
    10                                  import fclose msvcrt.dll
    11                                  
    12                                  segment data use32 class=data
    13                                  
    14 00000000 746578742E74787400          nume_fisier db "text.txt",0
    15 00000009 7200                        mod_acces db "r",0
    16 0000000B 00000000                    descriptor dd 0
    17 0000000F 65000000                    cnt dd 101
    18 00000013 01000000                    sz dd 1
    19                                      
    20 00000017 00<rept>                    txt times 101 db 0
    21 0000007C 00000000                    len_txt dd 0
    22                                      
    23 00000080 00<rept>                    propozitie times 101 db 0
    24 000000E5 00000000                    len_prop dd 0
    25                                  
    26 000000E9 00<rept>                    cuvant times 21 db 0
    27 000000FE 00000000                    len_cuv dd 0
    28                                  
    29 00000102 00<rept>                    primul_rev times 21 db 0
    30 00000117 00000000                    len_prim dd 0 
    31                                       
    32                                  segment code use32 class=code
    33                                  
    34                                  
    35                                  
    36                                  start:
    37 00000000 68[09000000]                push mod_acces
    38 00000005 68[00000000]                push nume_fisier
    39 0000000A FF15[00000000]              call [fopen]
    40 00000010 83C408                      add esp, 4 * 2
    41                                      
    42 00000013 A3[0B000000]                mov dword[descriptor], eax
    43                                      
    44 00000018 FF35[0B000000]              push dword[descriptor]
    45 0000001E FF35[0F000000]              push dword[cnt]
    46 00000024 FF35[13000000]              push dword[sz]
    47 0000002A 68[17000000]                push txt
    48 0000002F FF15[00000000]              call [fread]
    49 00000035 83C410                      add esp, 4 * 4
    50                                      
    51                                      
    52                                      
    53                                      
    54 00000038 FF35[0B000000]              push dword[descriptor]
    55 0000003E FF15[00000000]              call [fclose]
    56 00000044 83C404                      add esp, 4
    57                                      
    58 00000047 6A00                        push dword 0
    59 00000049 FF15[00000000]              call [exit]
    60                                      
