     1                                  ; Codul de mai jos va afisa mesajul ”n=”, apoi va citi de la tastatura valoarea numarului n.
     2                                  bits 32
     3                                  
     4                                  global start        
     5                                  
     6                                  ; declararea functiilor externe folosite de program
     7                                  extern exit, printf, scanf ; adaugam printf si scanf ca functii externa            
     8                                  import exit msvcrt.dll    
     9                                  import printf msvcrt.dll    ; indicam asamblorului ca functia printf se gaseste in libraria msvcrt.dll
    10                                  import scanf msvcrt.dll     ; similar pentru scanf
    11                                                            
    12                                  segment data use32 class=data
    13 00000000 00000000                	n dd  0   
    14 00000004 00000000                    m dd 0; in aceasta variabila se va stoca valoarea citita de la tastatura
    15                                      ; sirurile de caractere sunt de tip byte
    16 00000008 6E203D205C6E206D20-     	message  db "n = \n m = ", 0  ; sirurile de caractere pentru functiile C trebuie sa se termine cu valoarea 0 (nu caracterul)
    16 00000011 3D2000             
    17 00000014 2564256400              	format  db "%d%d", 0  ; %d <=> un numar decimal (baza 10)
    18                                      
    19                                  segment code use32 class=code
    20                                      start:
    21                                         
    22                                          ; vom apela printf(message) => se va afisa "n="
    23                                          ; punem parametrii pe stiva
    24 00000000 68[08000000]                    push dword message ; ! pe stiva se pune adresa string-ului, nu valoarea
    25 00000005 FF15[00000000]                  call [printf]      ; apelam functia printf pentru afisare
    26 0000000B 83C404                          add esp, 4*1       ; eliberam parametrii de pe stiva ; 4 = dimensiunea unui dword; 1 = nr de parametri
    27                                                                                     
    28                                          ; vom apela scanf(format, n) => se va citi un numar in variabila n
    29                                          ; punem parametrii pe stiva de la dreapta la stanga
    30 0000000E 68[04000000]                    push dword m
    31 00000013 68[00000000]                    push dword n       ; ! adresa lui n, nu valoarea
    32 00000018 68[14000000]                     push dword format
    33 0000001D FF15[00000000]                  call [scanf]       ; apelam functia scanf pentru citire
    34 00000023 83C408                          add esp, 4 * 2
    35 00000026 8B15[04000000]                  mov edx, [m]; eliberam parametrii de pe stiva
    36 0000002C A1[00000000]                    mov eax, [n] ; 4 = dimensiuneadword; 2 = nr de parametri
    37                                          
    38                                          ; exit(0)
    39 00000031 6A00                            push dword 0  
    40                                          ; punem pe stiva parametrul pentru exit
    41 00000033 FF15[00000000]                  call [exit]       ; apelam exit pentru a incheia programul
