     1                                  bits 32
     2                                  global start
     3                                  extern fopen, fread, printf, exit
     4                                  import exit msvcrt.dll
     5                                  import fread msvcrt.dll
     6                                  import printf msvcrt.dll
     7                                  import fopen msvcrt.dll
     8                                  
     9                                  segment data use32 class=data
    10                                  
    11 00000000 00000000                    descriptor dd 0
    12 00000004 6E756D6572652E7478-         nume_fisier db "numere.txt",0
    12 0000000D 7400               
    13 0000000F 7200                        mod_acces db "r", 0
    14 00000011 01000000                    sizee dd 1 ;dimensiunea unui element citit din fisier
    15 00000015 64000000                    count dd 100 ;numarul maxim de elemente citite dintr-un fisier
    16 00000019 00<rept>                    sir times 101 db 0
    17 0000007E 00000000                    len dd 0
    18 00000082 00000000<rept>              rez times 30 dd 0
    19                                  
    20                                  segment code use32 class=code
    21                                  
    22                                  start:
    23 00000000 68[0F000000]                push mod_acces
    24 00000005 68[04000000]                push nume_fisier
    25 0000000A FF15[00000000]              call [fopen]
    26 00000010 83C408                      add esp, 4 * 2
    27                                      
    28 00000013 A3[00000000]                mov [descriptor], eax
    29                                      
    30 00000018 FF35[00000000]              push dword [descriptor]
    31 0000001E FF35[15000000]              push dword [count]
    32 00000024 FF35[11000000]              push dword [sizee]
    33 0000002A 68[19000000]                push sir
    34 0000002F FF15[00000000]              call [fread]
    35 00000035 83C410                      add esp, 4 * 4
    36 00000038 A3[7E000000]                mov [len], eax
    37                                      
    38 0000003D 68[19000000]                push sir
    39 00000042 FF35[7E000000]              push dword [len]
    40 00000048 6A00                        push dword 0
    41                                      ;call segmentare
    42                                      
    43                                      ;segmentare:
    44 0000004A FD                          std
    45 0000004B 8B742408                    mov esi, [esp + 8]
    46 0000004F 03742404                    add esi, [esp + 4]
    47 00000053 4E                          dec esi
    48 00000054 8B4C2404                    mov ecx, [esp + 4]
    49 00000058 BB00000000                  mov ebx, 0
    50 0000005D BA01000000                  mov edx, 1
    51                                      lp:
    52 00000062 AC                              lodsb
    53 00000063 3C2C                            cmp al, byte','
    54 00000065 740C                            je nc
    55 00000067 2C30                                sub al, byte '0'
    56 00000069 F6E2                                mul dl
    57 0000006B 6601C3                              add bx, ax
    58 0000006E C1E204                              shl edx, 4
    59 00000071 EB0F                            jmp cnt
    60                                          nc:
    61                                          
    62                                              ;functie
    63 00000073 B800000000                          mov eax, 0
    64 00000078 BB00000000                          mov ebx, 0
    65 0000007D BA01000000                          mov edx, 1
    66                                          cnt:
    67                                          
    68 00000082 E2DE                        loop lp
    69                                      ;ret
    70                                      
    71                                      ;add esp, 4 * 2
    72                                      
    73 00000084 6A00                        push dword 0
    74 00000086 FF15[00000000]              call [exit]
    75                                      
