     1                                  bits 32
     2                                  global start
     3                                  extern exit, fopen, fclose, fprintf, scanf
     4                                  
     5                                  import exit msvcrt.dll
     6                                  import fopen msvcrt.dll
     7                                  import fclose msvcrt.dll
     8                                  import fprintf msvcrt.dll
     9                                  import scanf msvcrt.dll
    10                                  
    11                                  segment data use32 class=data
    12                                  
    13 00000000 00<rept>                    n times 101 db 0
    14 00000065 25730A00                    format db "%s",0xa, 0
    15                                      
    16 00000069 00000000                    descriptor dd 0
    17 0000006D 6E756D6572652E7478-         nume_fisier db "numere.txt", 0
    17 00000076 7400               
    18 00000078 7700                        mod_acces db "w", 0
    19                                      
    20                                  
    21                                  segment code use32 class=code
    22                                      
    23                                  make_zero:
    24 00000000 BF[00000000]                mov edi, n
    25 00000005 B965000000                  mov ecx, 101
    26 0000000A B000                        mov al, 0
    27 0000000C F3AA                        rep stosb
    28 0000000E C3                      ret
    29                                  
    30                                  start:
    31 0000000F 68[78000000]                push mod_acces
    32 00000014 68[6D000000]                push nume_fisier
    33 00000019 FF15[00000000]              call [fopen]
    34 0000001F 83C408                      add esp, 4 * 2
    35                                      
    36 00000022 A3[69000000]                mov [descriptor], eax
    37                                      
    38                                      repeta:
    39 00000027 E8D4FFFFFF                      call make_zero
    40 0000002C 68[00000000]                    push n
    41 00000031 68[65000000]                    push format
    42 00000036 FF15[00000000]                  call [scanf]
    43 0000003C 83C408                          add esp, 4 * 2
    44                                          
    45 0000003F BE[00000000]                    mov esi, n
    46                                          
    47                                          parc:
    48 00000044 803E30                              cmp byte[esi], '0'
    49 00000047 7220                                jb no_dig
    50 00000049 803E39                                  cmp byte[esi], '9'
    51 0000004C 771B                                    ja no_dig
    52                                                  
    53 0000004E 68[00000000]                            push n
    54 00000053 68[65000000]                            push format
    55 00000058 FF35[69000000]                          push dword[descriptor]
    56 0000005E FF15[00000000]                          call [fprintf]
    57 00000064 83C40C                                  add esp, 4 * 3
    58 00000067 EB08                                    jmp ov
    59                                              no_dig:
    60 00000069 46                                  inc esi
    61 0000006A 803E00                          cmp byte[esi], 0
    62 0000006D 7402                            je ov        
    63 0000006F EBD3                            jmp parc
    64                                          
    65                                          
    66                                          ov:
    67                                          
    68 00000071 803D[00000000]24            cmp byte[n], '$'
    69 00000078 7402                        je gata
    70 0000007A EBAB                        jmp repeta
    71                                      gata:
    72                                  
    73 0000007C 6A00                        push dword 0
    74 0000007E FF15[00000000]              call [exit]
