     1                                  bits 32
     2                                  global start
     3                                  
     4                                  extern exit, fopen, fclose, scanf, fprintf
     5                                  
     6                                  import exit msvcrt.dll
     7                                  import fopen msvcrt.dll
     8                                  import fclose msvcrt.dll
     9                                  import scanf msvcrt.dll
    10                                  import fprintf msvcrt.dll
    11                                  
    12                                  segment data use32 class=data
    13                                  
    14 00000000 6E756D6572652E7478-         nume_fisier db "numere.txt",0
    14 00000009 7400               
    15 0000000B 7700                        mod_acces db "w", 0
    16 0000000D 00000000                    descriptor dd 0
    17 00000011 00000000                    n dd 0
    18 00000015 256400                      format db "%d", 0
    19 00000018 2564202D202578202D-         format_file db "%d - %x - %d", 0xa, 0
    19 00000021 2025640A00         
    20                                      
    21                                  segment code use32 class=code
    22                                  
    23                                  start:
    24 00000000 68[0B000000]                push mod_acces
    25 00000005 68[00000000]                push nume_fisier
    26 0000000A FF15[00000000]              call [fopen]
    27 00000010 83C408                      add esp, 4 * 2
    28 00000013 A3[0D000000]                mov [descriptor], eax
    29                                      rp:
    30 00000018 68[11000000]                    push n
    31 0000001D 68[15000000]                    push format
    32 00000022 FF15[00000000]                  call [scanf]
    33 00000028 83C408                          add esp, 4 * 2
    34 0000002B 833D[11000000]00            cmp dword[n], 0
    35 00000032 7444                        je gata
    36                                          
    37 00000034 A1[11000000]                    mov eax, [n]
    38 00000039 BA00000000                      mov edx, 0
    39 0000003E B920000000                      mov ecx, 32
    40                                          
    41                                          cnt:
    42 00000043 BB01000000                          mov ebx, 1
    43 00000048 21C3                                and ebx, eax
    44 0000004A 01DA                                add edx, ebx
    45 0000004C D1E8                                shr eax, 1
    46                                              
    47 0000004E 83F800                              cmp eax, 0
    48 00000051 7402                                je trm
    49 00000053 E2EE                            loop cnt
    50                                          trm:
    51                                          
    52 00000055 52                              push edx
    53 00000056 FF35[11000000]                  push dword[n]
    54 0000005C FF35[11000000]                  push dword[n]
    55 00000062 68[18000000]                    push format_file
    56 00000067 FF35[0D000000]                  push dword[descriptor]
    57 0000006D FF15[00000000]                  call [fprintf]
    58 00000073 83C414                          add esp, 4 * 5
    59 00000076 EBA0                        jmp rp
    60                                      gata:
    61                                      
    62 00000078 FF35[0D000000]              push dword[descriptor]
    63 0000007E FF15[00000000]              call [fclose]
    64 00000084 83C404                      add esp, 4
    65                                      
    66 00000087 6A00                        push dword 0
    67 00000089 FF15[00000000]              call [exit]
    68                                      
    69                                      
