     1                                  bits 32
     2                                  global start
     3                                  extern exit, scanf, printf
     4                                  import exit msvcrt.dll
     5                                  import scanf msvcrt.dll
     6                                  import printf msvcrt.dll
     7                                  segment data use32 class=data
     8 00000000 00                          a db 0
     9 00000001 257800                      format_ra db "%x",0
    10 00000004 496E74726F64752075-         format_r db "Introdu un numar in baza 16: ", 0
    10 0000000D 6E206E756D61722069-
    10 00000016 6E2062617A61203136-
    10 0000001F 3A2000             
    11 00000022 43752073656D6E3A20-         format_semn db "Cu semn: %d", 0
    11 0000002B 256400             
    12 0000002E 466172612073656D6E-         format_fara_semn db "Fara semn: %u",0xa, 0
    12 00000037 3A2025750A00       
    13                                      
    14                                  segment code use32 class=code
    15                                  
    16                                  start:
    17 00000000 68[04000000]                push format_r
    18 00000005 FF15[00000000]              call [printf]
    19 0000000B 83C404                      add esp, 4 * 1
    20                                      
    21 0000000E 68[00000000]                push a
    22 00000013 68[01000000]                push format_ra
    23 00000018 FF15[00000000]              call [scanf]
    24 0000001E 83C408                      add esp, 4 * 2
    25                                      
    26 00000021 B800000000                  mov eax, 0
    27 00000026 A0[00000000]                mov al, [a]
    28                                      
    29                                      
    30 0000002B 50                          push eax
    31 0000002C 68[2E000000]                push format_fara_semn
    32 00000031 FF15[00000000]              call [printf]
    33 00000037 83C404                      add esp, 4 * 1
    34 0000003A 58                          pop eax
    35                                      
    36 0000003B 6698                        cbw
    37 0000003D 98                          cwde
    38                                      
    39 0000003E 50                          push eax
    40 0000003F 68[22000000]                push format_semn
    41 00000044 FF15[00000000]              call [printf]
    42 0000004A 83C408                      add esp, 4 * 2
    43                                      
    44 0000004D 6A00                        push dword 0
    45 0000004F FF15[00000000]              call [exit]
    46                                      
    47                                      
