     1                                  bits 32
     2                                  global start
     3                                  
     4                                  extern exit
     5                                  
     6                                  import exit msvcrt.dll
     7                                  
     8                                  segment data use32 class=data
     9 00000000 010000000200000003-         a dd 1,2,3,4,5,6
     9 00000009 000000040000000500-
     9 00000012 000006000000       
    10 00000018 010000000100000003-         b dd 1,1,3
    10 00000021 000000             
    11 00000024 050000000400000003-         c dd 5,4,3
    11 0000002D 000000             
    12 00000030 0C000000040000000C-         d dd 12,4,12,5
    12 00000039 00000005000000     
    13                                  
    14                                  segment code use32 class=code
    15                                  start:
    16 00000000 B8F4FFFFFF                  mov eax, d - c - b - a
    17                                      
    18                                    
    19                                  
    20                                  
    21 00000005 6A00                    push dword 0
    22 00000007 FF15[00000000]          call[exit]
