     1                                  bits 32
     2                                  global start 
     3                                  extern exit
     4                                  
     5                                  extern fopen
     6                                  extern fread
     7                                  extern printf
     8                                  extern fclose
     9                                  import exit msvcrt.dll
    10                                  import fopen msvcrt.dll
    11                                  import fread msvcrt.dll
    12                                  import printf msvcrt.dll
    13                                  import fclose msvcrt.dll
    14                                  
    15                                  segment data use32 class=data
    16                                  
    17 00000000 696E7075742E747874-         nume_fisier db "input.txt", 0
    17 00000009 00                 
    18 0000000A 7200                        mod_acces db "r", 0
    19 0000000C 00                          format db "", 0
    20 0000000D 00000000                    descriptor dd 0
    21 00000011 64000000                    count dd 100
    22 00000015 01000000                    dimensiune dd 1
    23 00000019 00000000                    lungime_sir dd 0
    24 0000001D <res 00000064>              text resb 100
    25 00000081 4E7520657869737461-         warning db "Nu exista cifre in textul dat", 0
    25 0000008A 20636966726520696E-
    25 00000093 2074657874756C2064-
    25 0000009C 617400             
    26 0000009F 436561206D6169206D-         rez db "Cea mai mare cifra din sirul de caractere este %c", 0
    26 000000A8 617265206369667261-
    26 000000B1 2064696E2073697275-
    26 000000BA 6C2064652063617261-
    26 000000C3 637465726520657374-
    26 000000CC 6520256300         
    27                                      
    28                                  segment code use32 class=code
    29                                  
    30                                  start:
    31                                      ;FILE * fopen
    32 00000000 68[0A000000]                push dword mod_acces
    33 00000005 68[00000000]                push dword nume_fisier
    34 0000000A FF15[00000000]              call [fopen]
    35 00000010 83C408                      add esp, 4 * 2
    36                                      
    37 00000013 83F800                      cmp eax, 0
    38 00000016 746D                        je final
    39                                      
    40 00000018 A3[0D000000]                mov [descriptor], eax
    41                                      
    42                                      ;int fread
    43                                      
    44 0000001D FF35[0D000000]              push dword [descriptor]
    45 00000023 FF35[11000000]              push dword [count]
    46 00000029 FF35[15000000]              push dword [dimensiune]
    47 0000002F 68[1D000000]                push dword text
    48                                      
    49 00000034 FF15[00000000]              call [fread]
    50 0000003A 83C410                      add esp, 4 * 4
    51                                      
    52 0000003D A3[19000000]                mov [lungime_sir], eax
    53 00000042 8B0D[19000000]              mov ecx, [lungime_sir]
    54 00000048 BB00000000                  mov ebx, 0
    55                                      
    56                                      cifmax:
    57 0000004D 8A81[1D000000]                  mov al, [text + ecx]
    58                                          
    59 00000053 3C30                            cmp al, '0'
    60 00000055 720A                            jb nu_e_cif
    61                                              
    62 00000057 3C39                                cmp al, '9'
    63 00000059 7706                                ja nu_e_cif
    64                                              
    65 0000005B 38D8                                cmp al, bl
    66 0000005D 7602                                jbe nu_e_cif
    67 0000005F 88C3                                    mov bl, al         
    68                                          nu_e_cif:
    69 00000061 E2EA                        loop cifmax
    70                                      
    71 00000063 83FB00                      cmp ebx, 0
    72 00000066 750E                            jne sunt_cifre
    73 00000068 68[81000000]                        push warning
    74                                              
    75                                              
    76 0000006D FF15[00000000]                      call [printf]
    77 00000073 83C504                              add ebp, 4 * 1
    78                                          sunt_cifre:
    79                                          
    80                                          
    81 00000076 53                              push ebx
    82 00000077 68[9F000000]                    push rez
    83 0000007C FF15[00000000]                  call [printf]
    84 00000082 83C404                          add esp, 4 * 1
    85                                  
    86                                      final:
    87                                      
    88 00000085 6A00                        push dword 0
    89 00000087 FF15[00000000]              call [exit]
    90                                    
    91                                      
