     1                                  bits 32
     2                                  
     3                                  global start
     4                                  
     5                                  extern exit
     6                                  
     7                                  import exit msvcrt.dll
     8                                  
     9                                  segment data use32 class=data
    10                                  
    11 00000000 <res 00000004>              Q resd 1
    12 00000004 56EC55B7                    R dd 10110111010101011110110001010110b
    13 00000008 5E2A7ADD                    T dd 11011101011110100010101001011110b
    14 0000000C <res 00000004>              RXORT resd 1
    15                                      
    16                                      ;R:10110111010101011110110001010110b
    17                                      ;T:11011101011110100010101001011110b
    18                                      ;X:01101010001011111100011000001000b
    19                                      ;Q:1100010|000101111110001100|0001010b
    20                                      ;Q:   c    4   2   f   c   6   0   a
    21                                  segment code use32 class=code
    22                                  
    23                                  start:
    24                                  
    25 00000000 A1[08000000]                mov eax,[T]
    26                                      
    27 00000005 C1E010                      shl eax, 16
    28 00000008 C1E81A                      shr eax, 26
    29                                      
    30 0000000B BB00000000                  mov ebx, 0
    31 00000010 89C3                        mov ebx, eax
    32                                      
    33 00000012 A1[04000000]                mov eax, [R]
    34                                      
    35 00000017 C1E805                      shr eax, 5
    36 0000001A C1E019                      shl eax, 25
    37                                      
    38 0000001D B900000000                  mov ecx, 0
    39 00000022 01C1                        add ecx, eax
    40                                      
    41 00000024 A1[04000000]                mov eax, [R]
    42                                      
    43 00000029 BA00000000                  mov edx, 0
    44 0000002E 8B15[08000000]              mov edx, [T]
    45 00000034 31D0                        xor eax, edx
    46                                      
    47 00000036 C1E807                      shr eax, 7
    48 00000039 C1E00E                      shl eax, 14
    49 0000003C C1E807                      shr eax, 7
    50                                      
    51                                      
    52 0000003F 01D8                        add eax, ebx
    53 00000041 01C8                        add eax, ecx
    54 00000043 6A00                        push dword 0
    55 00000045 FF15[00000000]              call [exit]
    56                                      
