     1                                  bits 32
     2                                  
     3                                  global start
     4                                  
     5                                  extern exit, scanf, printf
     6                                  import printf msvcrt.dll
     7                                  import exit msvcrt.dll
     8                                  import scanf msvcrt.dll
     9                                  
    10                                  segment data use32 class=data
    11 00000000 0000                        a dw 0 
    12 00000002 0000                        b dw 0
    13 00000004 00000000                    rezultat dd 0
    14 00000008 496E74726F64752064-         format db "Introdu doua numere:", 0
    14 00000011 6F7561206E756D6572-
    14 0000001A 653A00             
    15 0000001D 256420256400                format_r db "%d %d", 0
    16                                      
    17                                  segment code use32 class=code
    18                                      start:
    19 00000000 68[08000000]                push format
    20 00000005 FF15[00000000]              call [printf]
    21 0000000B 83C404                      add esp, 4
    22                                      
    23 0000000E 68[02000000]                push b
    24 00000013 68[00000000]                push a
    25 00000018 68[1D000000]                push format_r
    26 0000001D FF15[00000000]              call [scanf]
    27 00000023 83C40C                      add esp, 4 * 3
    28                                      
    29 00000026 66A1[00000000]              mov ax, [a]
    30 0000002C 668B1D[02000000]            mov bx, [b]
    31 00000033 66F7EB                      imul bx
    32                                      
    33 00000036 A3[04000000]                mov [rezultat], eax
    34                                      
    35 0000003B 6A00                        push dword 0
    36 0000003D FF15[00000000]              call[exit]
    37                                      
    38                                      
